
=== SLOC Metrics Session Started ===
Operation: count
Timestamp: 2025-08-10 05:38:30 UTC
Args: paths=1, recursive=true, threads=0, format=None
[0.001s] system_cpu_count: 12.000
[0.002s] system_available_parallelism: 12.000
Tool version: 0.1.0
[0.004s] operation_start: 0.004
[0.005s] language_overrides_count: 0.000
[0.008s] path_collection_time: 0.002
[0.009s] total_files_to_process: 25.000
[0.011s] thread_count: 12.000
[0.014s] file_process_time_test-concurred.log.bak: 0.001
[0.014s] file_process_time_commands.txt: 0.001
[0.015s] file_process_time_leo_log_light_tests.c: 0.003
[0.015s] file_process_time_leo_log_light_simple_backend.h: 0.003
[0.015s] file_process_time_lll_portability.c: 0.003
[0.016s] file_process_time_leo_log_light_tests_concur.c: 0.004
[0.016s] file_process_time_leo_log_light_simple_backend.c: 0.004
[0.016s] file_process_time_lll_buffered_backend.h: 0.004
[0.018s] file_process_time_leo_log_light.h: 0.006
[0.019s] file_process_time_lll: 0.005
[0.019s] file_process_time_leo_log_light.c: 0.007
[0.019s] file_process_time_test-concur.log: 0.007
[0.019s] file_process_time_leo_log_light_portability.h: 0.002
[0.019s] file_process_time_gmon.out: 0.003
[0.026s] file_process_time_out.txt: 0.004
[0.029s] file_process_time_test-log_10000.log: 0.013
[0.033s] large_file_throughput: 468316.064
[0.035s] large_file_throughput: 760158.369
[0.037s] file_process_time_utest.h: 0.009
[0.040s] file_process_time_test-susp_resum.log: 0.019
[0.039s] file_process_time_lll_buffered_backend.c: 0.005
[0.040s] file_process_time_test-concur.log.bak: 0.006
[0.045s] large_file_throughput: 1054737.752
[0.045s] large_file_throughput: 199639.765
[0.046s] large_file_throughput: 568263.395
[0.048s] file_process_time_test-log_10000.log.bak: 0.021
[0.050s] large_file_throughput: 477260.582
[0.053s] file_process_time_test-susp_resum.log.bak: 0.024
[0.054s] large_file_throughput: 838064.001
[0.056s] total_processing_time: 0.044
[0.058s] files_processed_successfully: 25.000
[0.060s] total_lines_processed: 70538.000
[0.061s] logical_lines_processed: 69444.000
[0.062s] empty_lines_processed: 636.000
[0.064s] overall_throughput_lines_per_sec: 1586214.341
[0.066s] files_per_second: 562.184
[0.067s] report_creation_time: 0.000
[0.084s] console_output_time: 0.016
[0.085s] total_files: 25.000
[0.086s] total_lines: 70538.000
[0.088s] elapsed_seconds: 0.085
[0.089s] lines_per_second: 0.000
=== Session Completed ===

[0.092s] total_operation_time: 0.085
[0.093s] memory_usage_estimate_bytes: 2112.000

=== SLOC Metrics Session Started ===
Operation: count
Timestamp: 2025-08-10 07:00:19 UTC
Args: paths=1, recursive=true, threads=0, format=None
[0.001s] system_cpu_count: 12.000
[0.001s] system_available_parallelism: 12.000
Tool version: 0.1.0
[0.002s] operation_start: 0.002
[0.002s] language_overrides_count: 0.000
[0.005s] path_collection_time: 0.002
[0.005s] total_files_to_process: 25.000
[0.007s] thread_count: 12.000
[0.009s] file_process_time_test-concurred.log.bak: 0.001
[0.009s] file_process_time_lll_buffered_backend.h: 0.002
[0.009s] file_process_time_leo_log_light.c: 0.002
[0.009s] file_process_time_leo_log_light_simple_backend.c: 0.002
[0.010s] file_process_time_test-concur.log: 0.002
[0.010s] file_process_time_test-concur.log.bak: 0.003
[0.010s] large_file_throughput: 1645858.105
[0.010s] file_process_time_lll_portability.c: 0.003
[0.011s] large_file_throughput: 1266223.143
[0.014s] file_process_time_lll: 0.001
[0.017s] file_process_time_utest.h: 0.002
[0.018s] file_process_time_lll_buffered_backend.c: 0.001
[0.018s] large_file_throughput: 769127.457
[0.019s] file_process_time_test-log_10000.log: 0.006
[0.020s] large_file_throughput: 1735848.402
[0.024s] file_process_time_test-log_10000.log.bak: 0.006
[0.025s] large_file_throughput: 1587500.595
[0.027s] file_process_time_test-susp_resum.log: 0.013
[0.027s] large_file_throughput: 1531471.529
[0.029s] file_process_time_test-susp_resum.log.bak: 0.012
[0.030s] large_file_throughput: 1685113.003
[0.031s] total_processing_time: 0.023
[0.032s] files_processed_successfully: 25.000
[0.033s] total_lines_processed: 70538.000
[0.033s] logical_lines_processed: 69444.000
[0.034s] comment_lines_processed: 250.000
[0.035s] empty_lines_processed: 636.000
[0.035s] overall_throughput_lines_per_sec: 3055524.271
[0.035s] files_per_second: 1082.936
[0.036s] report_creation_time: 0.000
[0.052s] console_output_time: 0.016
[0.053s] total_files: 25.000
[0.053s] total_lines: 70538.000
[0.054s] elapsed_seconds: 0.053
[0.054s] lines_per_second: 0.000
=== Session Completed ===

[0.055s] total_operation_time: 0.053
[0.055s] memory_usage_estimate_bytes: 2328.000

=== SLOC Metrics Session Started ===
Operation: count
Timestamp: 2025-08-10 07:32:07 UTC
Args: paths=1, recursive=true, threads=0, format=None
[0.001s] system_cpu_count: 12.000
[0.001s] system_available_parallelism: 12.000
Tool version: 0.1.0
[0.002s] operation_start: 0.002
[0.002s] language_overrides_count: 0.000
[0.004s] path_collection_time: 0.001
[0.004s] total_files_to_process: 25.000
[0.006s] thread_count: 12.000
[0.008s] file_process_time_leo_log_light_tests_concur.c: 0.001
[0.008s] file_process_time_leo_log_light_simple_backend.c: 0.001
[0.008s] file_process_time_lll_portability.c: 0.001
[0.008s] file_process_time_lll_buffered_backend.h: 0.001
[0.008s] file_process_time_out.txt: 0.001
[0.008s] file_process_time_lll: 0.002
[0.009s] file_process_time_test-concur.log: 0.002
[0.009s] large_file_throughput: 1664328.657
[0.012s] file_process_time_lll_buffered_backend.c: 0.001
[0.014s] file_process_time_utest.h: 0.002
[0.014s] large_file_throughput: 901364.113
[0.015s] file_process_time_test-log_10000.log: 0.007
[0.016s] large_file_throughput: 1369973.704
[0.016s] file_process_time_test-concur.log.bak: 0.002
[0.017s] large_file_throughput: 1492735.611
[0.017s] file_process_time_test-log_10000.log.bak: 0.006
[0.017s] large_file_throughput: 1619132.405
[0.019s] file_process_time_test-susp_resum.log: 0.012
[0.019s] large_file_throughput: 1623031.552
[0.025s] file_process_time_test-susp_resum.log.bak: 0.012
[0.025s] large_file_throughput: 1622277.212
[0.026s] total_processing_time: 0.020
[0.027s] files_processed_successfully: 12.000
[0.027s] total_lines_processed: 3261.000
[0.028s] logical_lines_processed: 2206.000
[0.028s] comment_lines_processed: 250.000
[0.029s] empty_lines_processed: 597.000
[0.029s] overall_throughput_lines_per_sec: 165855.445
[0.029s] files_per_second: 610.324
[0.030s] report_creation_time: 0.000
[0.063s] console_output_time: 0.032
[0.064s] total_files: 12.000
[0.064s] total_lines: 3261.000
[0.064s] elapsed_seconds: 0.064
[0.065s] lines_per_second: 0.000
=== Session Completed ===

[0.066s] total_operation_time: 0.064
[0.066s] memory_usage_estimate_bytes: 1120.000

=== SLOC Metrics Session Started ===
Operation: count
Timestamp: 2025-08-10 07:42:50 UTC
Args: paths=1, recursive=true, threads=0, format=None
[0.001s] system_cpu_count: 12.000
[0.001s] system_available_parallelism: 12.000
Tool version: 0.1.0
[0.002s] operation_start: 0.002
[0.002s] language_overrides_count: 0.000
[0.004s] path_collection_time: 0.002
[0.004s] total_files_to_process: 25.000
[0.006s] thread_count: 12.000
[0.008s] file_process_time_leo_log_light.h: 0.001
[0.008s] file_process_time_commands.txt: 0.001
[0.008s] file_process_time_leo_log_light.c: 0.001
[0.008s] file_process_time_leo_log_light_simple_backend.c: 0.002
[0.008s] file_process_time_leo_log_light_portability.h: 0.001
[0.009s] file_process_time_lll_buffered_backend.h: 0.002
[0.009s] file_process_time_test-concur.log: 0.002
[0.010s] large_file_throughput: 1601581.333
[0.011s] file_process_time_utest.h: 0.002
[0.009s] file_process_time_test-concur.log.bak: 0.003
[0.011s] large_file_throughput: 1373151.981
[0.011s] large_file_throughput: 1043742.406
[0.014s] file_process_time_test-log_10000.log: 0.006
[0.015s] large_file_throughput: 1609156.572
[0.015s] file_process_time_lll: 0.001
[0.017s] file_process_time_test-log_10000.log.bak: 0.006
[0.017s] large_file_throughput: 1737174.812
[0.019s] file_process_time_test-susp_resum.log: 0.012
[0.019s] large_file_throughput: 1620257.881
[0.025s] file_process_time_test-susp_resum.log.bak: 0.011
[0.025s] large_file_throughput: 1761160.793
[0.026s] total_processing_time: 0.019
[0.026s] files_processed_successfully: 12.000
[0.027s] total_lines_processed: 3261.000
[0.027s] logical_lines_processed: 2206.000
[0.028s] comment_lines_processed: 250.000
[0.028s] empty_lines_processed: 597.000
[0.029s] overall_throughput_lines_per_sec: 170115.758
[0.030s] files_per_second: 626.001
[0.030s] report_creation_time: 0.000
[0.049s] console_output_time: 0.016
[0.049s] total_files: 12.000
[0.050s] total_lines: 3261.000
[0.050s] elapsed_seconds: 0.049
[0.050s] lines_per_second: 0.000
=== Session Completed ===

[0.051s] total_operation_time: 0.049
[0.051s] memory_usage_estimate_bytes: 1120.000

=== SLOC Metrics Session Started ===
Operation: count
Timestamp: 2025-08-10 07:43:05 UTC
Args: paths=1, recursive=true, threads=0, format=None
[0.000s] system_cpu_count: 12.000
[0.001s] system_available_parallelism: 12.000
Tool version: 0.1.0
[0.002s] operation_start: 0.002
[0.002s] language_overrides_count: 0.000
[0.003s] path_collection_time: 0.001
[0.004s] total_files_to_process: 25.000
[0.005s] thread_count: 12.000
[0.007s] file_process_time_lll_buffered_backend.h: 0.001
[0.007s] file_process_time_leo_log_light.h: 0.001
[0.008s] file_process_time_test-concur.log: 0.002
[0.007s] file_process_time_leo_log_light_tests.c: 0.001
[0.007s] file_process_time_leo_log_light.c: 0.001
[0.007s] file_process_time_leo_log_light_tests_concur.c: 0.002
[0.008s] file_process_time_lll: 0.002
[0.007s] file_process_time_leo_log_light_simple_backend.h: 0.001
[0.007s] file_process_time_leo_log_light_simple_backend.c: 0.001
[0.009s] file_process_time_test-concur.log.bak: 0.003
[0.012s] file_process_time_test-log_10000.log: 0.004
[0.013s] large_file_throughput: 1913484.246
[0.013s] large_file_throughput: 1267928.649
[0.013s] large_file_throughput: 2281706.204
[0.015s] file_process_time_out.txt: 0.001
[0.015s] file_process_time_utest.h: 0.002
[0.016s] file_process_time_lll_buffered_backend.c: 0.001
[0.016s] large_file_throughput: 1050443.290
[0.019s] file_process_time_test-susp_resum.log: 0.009
[0.020s] large_file_throughput: 2348114.935
[0.020s] file_process_time_test-log_10000.log.bak: 0.005
[0.020s] large_file_throughput: 2127935.671
[0.024s] file_process_time_test-susp_resum.log.bak: 0.008
[0.024s] large_file_throughput: 2367320.758
[0.025s] total_processing_time: 0.019
[0.025s] files_processed_successfully: 12.000
[0.026s] total_lines_processed: 3261.000
[0.026s] logical_lines_processed: 2206.000
[0.026s] comment_lines_processed: 250.000
[0.026s] empty_lines_processed: 597.000
[0.027s] overall_throughput_lines_per_sec: 173378.136
[0.027s] files_per_second: 638.006
[0.027s] report_creation_time: 0.000
[0.052s] console_output_time: 0.024
[0.052s] total_files: 12.000
[0.052s] total_lines: 3261.000
[0.053s] elapsed_seconds: 0.052
[0.053s] lines_per_second: 0.000
=== Session Completed ===

[0.054s] total_operation_time: 0.052
[0.054s] memory_usage_estimate_bytes: 1120.000

=== SLOC Metrics Session Started ===
Operation: report
Timestamp: 2025-08-10 20:50:15 UTC
Args: paths=1, format=Xml, output=/tmp/test_report.xml, recursive=true, checksum=false
[0.000s] system_cpu_count: 4.000
[0.000s] system_available_parallelism: 4.000
Tool version: 0.2.0

=== SLOC Metrics Session Started ===
Operation: count
Timestamp: 2025-08-10 20:50:15 UTC
Args: paths=1, recursive=true, threads=0, format=Some(Xml)
[0.000s] system_cpu_count: 4.000
[0.000s] system_available_parallelism: 4.000
Tool version: 0.2.0
[0.000s] operation_start: 0.000
[0.000s] language_overrides_count: 0.000
[0.000s] path_collection_time: 0.000
[0.000s] total_files_to_process: 12.000
[0.000s] thread_count: 4.000
[0.001s] total_processing_time: 0.001
[0.001s] files_processed_successfully: 12.000
[0.001s] total_lines_processed: 2900.000
[0.001s] logical_lines_processed: 2216.000
[0.001s] comment_lines_processed: 327.000
[0.001s] empty_lines_processed: 357.000
[0.001s] overall_throughput_lines_per_sec: 3514095.157
[0.001s] files_per_second: 14541.083
[0.001s] report_creation_time: 0.000
[0.002s] console_output_time: 0.000

=== SLOC Metrics Session Started ===
Operation: count
Timestamp: 2025-08-10 21:15:42 UTC
Args: paths=1, recursive=true, threads=0, format=None
[0.000s] system_cpu_count: 4.000
[0.000s] system_available_parallelism: 4.000
Tool version: 0.2.0
[0.000s] operation_start: 0.000
[0.000s] language_overrides_count: 0.000
[0.000s] path_collection_time: 0.000
[0.000s] total_files_to_process: 12.000
[0.001s] thread_count: 4.000
[0.002s] total_processing_time: 0.001
[0.002s] files_processed_successfully: 12.000
[0.002s] total_lines_processed: 2900.000
[0.002s] logical_lines_processed: 2216.000
[0.002s] comment_lines_processed: 327.000
[0.002s] empty_lines_processed: 357.000
[0.002s] overall_throughput_lines_per_sec: 3651601.920
[0.002s] files_per_second: 15110.077
[0.002s] report_creation_time: 0.000
[0.002s] console_output_time: 0.000
[0.002s] total_files: 12.000
[0.002s] total_lines: 2900.000
[0.002s] elapsed_seconds: 0.002
[0.002s] lines_per_second: 0.000
=== Session Completed ===

[0.002s] total_operation_time: 0.002
[0.002s] memory_usage_estimate_bytes: 1088.000

=== SLOC Metrics Session Started ===
Operation: count
Timestamp: 2025-08-11 09:54:27 UTC
Args: paths=1, recursive=true, threads=0, format=None
[0.000s] system_cpu_count: 4.000
[0.000s] system_available_parallelism: 4.000
Tool version: 0.2.1
[0.000s] operation_start: 0.000
[0.000s] language_overrides_count: 0.000
[0.000s] path_collection_time: 0.000
[0.000s] total_files_to_process: 11.000
[0.001s] thread_count: 4.000
[0.001s] total_processing_time: 0.001
[0.001s] files_processed_successfully: 11.000
[0.001s] total_lines_processed: 2924.000
[0.001s] logical_lines_processed: 2234.000
[0.001s] comment_lines_processed: 331.000
[0.001s] empty_lines_processed: 359.000
[0.001s] overall_throughput_lines_per_sec: 4376282.465
[0.001s] files_per_second: 16463.443
[0.002s] report_creation_time: 0.000
[0.002s] console_output_time: 0.001
[0.002s] total_files: 11.000
[0.002s] total_lines: 2924.000
[0.002s] elapsed_seconds: 0.002
[0.002s] lines_per_second: 0.000
=== Session Completed ===

[0.002s] total_operation_time: 0.002
[0.002s] memory_usage_estimate_bytes: 1008.000

=== SLOC Metrics Session Started ===
Operation: count
Timestamp: 2025-08-11 09:56:44 UTC
Args: paths=1, recursive=true, threads=0, format=None
[0.000s] system_cpu_count: 4.000
[0.000s] system_available_parallelism: 4.000
Tool version: 0.2.1
[0.000s] operation_start: 0.000
[0.000s] language_overrides_count: 0.000
[0.000s] path_collection_time: 0.000
[0.000s] total_files_to_process: 11.000
[0.001s] thread_count: 4.000
[0.001s] total_processing_time: 0.001
[0.001s] files_processed_successfully: 11.000
[0.001s] total_lines_processed: 2924.000
[0.001s] logical_lines_processed: 2234.000
[0.001s] comment_lines_processed: 331.000
[0.001s] empty_lines_processed: 359.000
[0.001s] overall_throughput_lines_per_sec: 4114693.565
[0.001s] files_per_second: 15479.353
[0.001s] report_creation_time: 0.000
[0.002s] console_output_time: 0.000
[0.002s] total_files: 11.000
[0.002s] total_lines: 2924.000
[0.002s] elapsed_seconds: 0.002
[0.002s] lines_per_second: 0.000
=== Session Completed ===

[0.002s] total_operation_time: 0.002
[0.002s] memory_usage_estimate_bytes: 1008.000
